Mono path[0] = 'D:/coisaseria/steamapps/common/Stacklands/Stacklands_Data/Managed'
Mono config path = 'D:/coisaseria/steamapps/common/Stacklands/MonoBleedingEdge/etc'
Initialize engine version: 2022.3.4f1 (35713cd46cd7)
[Subsystems] Discovering subsystems at path D:/coisaseria/steamapps/common/Stacklands/Stacklands_Data/UnitySubsystems
GfxDevice: creating device client; threaded=1; jobified=1
Direct3D:
    Version:  Direct3D 11.0 [level 11.1]
    Renderer: Intel(R) UHD Graphics 630 (ID=0x3e92)
    Vendor:   Intel
    VRAM:     16326 MB
    Driver:   31.0.101.2112
FMOD failed to initialize any audio devices, running on emulated software output with no sound. Please check your audio drivers and/or hardware for malfunction.
Begin MonoManager ReloadAssembly
- Loaded All Assemblies, in  0.309 seconds
- Finished resetting the current domain, in  0.002 seconds
<RI> Initializing input.
New input system (experimental) initialized
Using Windows.Gaming.Input
<RI> Initialized touch support.
UnloadTime: 0.672300 ms
Odin Serializer ArchitectureInfo initialization with defaults (all unaligned read/writes disabled).
Odin Serializer detected whitelisted runtime platform WindowsPlayer and memory read test succeeded; enabling all unaligned memory read/writes.
Setting up 3 worker threads for Enlighten.
Unloading 6 Unused Serialized files (Serialized files now loaded: 0)
UnloadTime: 6.976800 ms
Current save directory is: 'C:/Users/logonrmlocal/AppData/LocalLow/sokpop/Stacklands'
found 0 mods
Found valid mod load order: 
Loaded 479 rows
162 Quests Found!
Set current resolution to 1280x1024
Reset resolutions
(ModManager) readying up mods
Unloading 59 unused Assets to reduce memory usage. Loaded Objects now: 54731.
Total: 21.344500 ms (FindLiveObjects: 3.276500 ms CreateObjectMapping: 2.050100 ms MarkObjects: 15.455200 ms  DeleteObjects: 0.562400 ms)

Loaded resolution 1280x1024
Completed quest open_starter_pack
Completed quest pick_berrybush
Completed quest carve_stick
Completed quest punch_rock
Completed quest sell_card
Completed quest buy_booster
Completed quest start_campfire
Completed quest pause_game
Completed quest punch_tree
Completed quest cure_poison
Completed quest build_house
Completed quest second_villager
Memory Statistics:
[ALLOC_TEMP_TLS] TLS Allocator
  StackAllocators : 
    [ALLOC_TEMP_MAIN]
      Peak usage frame count: [0-1.0 KB]: 208 frames, [1.0 KB-2.0 KB]: 2494 frames, [4.0 KB-8.0 KB]: 4876 frames, [8.0 KB-16.0 KB]: 31688 frames, [16.0 KB-32.0 KB]: 1 frames, [32.0 KB-64.0 KB]: 3594 frames, [64.0 KB-128.0 KB]: 1593 frames, [128.0 KB-256.0 KB]: 2 frames, [2.0 MB-4.0 MB]: 2 frames
      Initial Block Size 4.0 MB
      Current Block Size 4.0 MB
      Peak Allocated Bytes 3.9 MB
      Overflow Count 0
    [ALLOC_TEMP_Background Job.worker 4]
      Initial Block Size 32.0 KB
      Current Block Size 32.0 KB
      Peak Allocated Bytes 54 B
      Overflow Count 0
    [ALLOC_TEMP_Loading.PreloadManager]
      Initial Block Size 256.0 KB
      Current Block Size 500.0 KB
      Peak Allocated Bytes 496.8 KB
      Overflow Count 50
    [ALLOC_TEMP_Background Job.worker 3]
      Initial Block Size 32.0 KB
      Current Block Size 32.0 KB
      Peak Allocated Bytes 54 B
      Overflow Count 0
    [ALLOC_TEMP_Background Job.worker 11]
      Initial Block Size 32.0 KB
      Current Block Size 32.0 KB
      Peak Allocated Bytes 54 B
      Overflow Count 0
    [ALLOC_TEMP_Background Job.worker 7]
      Initial Block Size 32.0 KB
      Current Block Size 32.0 KB
      Peak Allocated Bytes 54 B
      Overflow Count 0
    [ALLOC_TEMP_Background Job.worker 6]
      Initial Block Size 32.0 KB
      Current Block Size 32.0 KB
      Peak Allocated Bytes 54 B
      Overflow Count 0
    [ALLOC_TEMP_Background Job.worker 12]
      Initial Block Size 32.0 KB
      Current Block Size 32.0 KB
      Peak Allocated Bytes 54 B
      Overflow Count 0
    [ALLOC_TEMP_Background Job.worker 2]
      Initial Block Size 32.0 KB
      Current Block Size 32.0 KB
      Peak Allocated Bytes 54 B
      Overflow Count 0
    [ALLOC_TEMP_Background Job.worker 9]
      Initial Block Size 32.0 KB
      Current Block Size 32.0 KB
      Peak Allocated Bytes 54 B
      Overflow Count 0
    [ALLOC_TEMP_Job.worker 0]
      Initial Block Size 256.0 KB
      Current Block Size 256.0 KB
      Peak Allocated Bytes 20.5 KB
      Overflow Count 0
    [ALLOC_TEMP_Job.worker 4]
      Initial Block Size 256.0 KB
      Current Block Size 256.0 KB
      Peak Allocated Bytes 24.3 KB
      Overflow Count 0
    [ALLOC_TEMP_Background Job.worker 8]
      Initial Block Size 32.0 KB
      Current Block Size 32.0 KB
      Peak Allocated Bytes 54 B
      Overflow Count 0
    [ALLOC_TEMP_Background Job.worker 10]
      Initial Block Size 32.0 KB
      Current Block Size 32.0 KB
      Peak Allocated Bytes 54 B
      Overflow Count 0
    [ALLOC_TEMP_Background Job.worker 1]
      Initial Block Size 32.0 KB
      Current Block Size 32.0 KB
      Peak Allocated Bytes 54 B
      Overflow Count 0
    [ALLOC_TEMP_EnlightenWorker] x 3
      Initial Block Size 64.0 KB
      Current Block Size 64.0 KB
      Peak Allocated Bytes 54 B
      Overflow Count 0
    [ALLOC_TEMP_Job.worker 1]
      Initial Block Size 256.0 KB
      Current Block Size 256.0 KB
      Peak Allocated Bytes 24.3 KB
      Overflow Count 0
    [ALLOC_TEMP_Job.worker 3]
      Initial Block Size 256.0 KB
      Current Block Size 256.0 KB
      Peak Allocated Bytes 22.7 KB
      Overflow Count 0
    [ALLOC_TEMP_Background Job.worker 5]
      Initial Block Size 32.0 KB
      Current Block Size 32.0 KB
      Peak Allocated Bytes 54 B
      Overflow Count 0
    [ALLOC_TEMP_Background Job.worker 13]
      Initial Block Size 32.0 KB
      Current Block Size 32.0 KB
      Peak Allocated Bytes 54 B
      Overflow Count 0
    [ALLOC_TEMP_UnityGfxDeviceWorker]
      Initial Block Size 256.0 KB
      Current Block Size 256.0 KB
      Peak Allocated Bytes 20.2 KB
      Overflow Count 0
    [ALLOC_TEMP_AssetGarbageCollectorHelper] x 5
      Initial Block Size 64.0 KB
      Current Block Size 64.0 KB
      Peak Allocated Bytes 138 B
      Overflow Count 0
    [ALLOC_TEMP_Background Job.worker 15]
      Initial Block Size 32.0 KB
      Current Block Size 32.0 KB
      Peak Allocated Bytes 54 B
      Overflow Count 0
    [ALLOC_TEMP_Job.worker 2]
      Initial Block Size 256.0 KB
      Current Block Size 256.0 KB
      Peak Allocated Bytes 24.3 KB
      Overflow Count 0
    [ALLOC_TEMP_Background Job.worker 0]
      Initial Block Size 32.0 KB
      Current Block Size 32.0 KB
      Peak Allocated Bytes 54 B
      Overflow Count 0
    [ALLOC_TEMP_HIDInput]
      Initial Block Size 64.0 KB
      Current Block Size 64.0 KB
      Peak Allocated Bytes 10.8 KB
      Overflow Count 0
    [ALLOC_TEMP_Background Job.worker 14]
      Initial Block Size 32.0 KB
      Current Block Size 32.0 KB
      Peak Allocated Bytes 54 B
      Overflow Count 0
    [ALLOC_TEMP_Loading.AsyncRead]
      Initial Block Size 64.0 KB
      Current Block Size 64.0 KB
      Peak Allocated Bytes 267 B
      Overflow Count 0
    [ALLOC_TEMP_BatchDeleteObjects]
      Initial Block Size 64.0 KB
      Current Block Size 64.0 KB
      Peak Allocated Bytes 54 B
      Overflow Count 0
[ALLOC_DEFAULT] Dual Thread Allocator
  Peak main deferred allocation count 26443
    [ALLOC_BUCKET]
      Large Block size 4.0 MB
      Used Block count 1
      Peak Allocated bytes 4.0 MB
      Failed Allocations. Bucket layout:
        16B: 8 Subsections = 8192 buckets. Failed count: 611408
        32B: 14 Subsections = 7168 buckets. Failed count: 190678
        48B: 26 Subsections = 8874 buckets. Failed count: 310951
        64B: 110 Subsections = 28160 buckets. Failed count: 2131
        80B: 24 Subsections = 4915 buckets. Failed count: 36075
        96B: 31 Subsections = 5290 buckets. Failed count: 20798
        112B: 31 Subsections = 4534 buckets. Failed count: 4627
        128B: 12 Subsections = 1536 buckets. Failed count: 43973
    [ALLOC_DEFAULT_MAIN]
      Peak usage frame count: [16.0 MB-32.0 MB]: 210 frames, [32.0 MB-64.0 MB]: 44248 frames
      Requested Block Size 16.0 MB
      Peak Block count 4
      Peak Allocated memory 58.2 MB
      Peak Large allocation bytes 8.0 MB
    [ALLOC_DEFAULT_THREAD]
      Peak usage frame count: [16.0 MB-32.0 MB]: 210 frames, [64.0 MB-128.0 MB]: 44248 frames
      Requested Block Size 16.0 MB
      Peak Block count 2
      Peak Allocated memory 97.5 MB
      Peak Large allocation bytes 77.8 MB
[ALLOC_TEMP_JOB_1_FRAME]
  Initial Block Size 2.0 MB
  Used Block Count 0
  Overflow Count (too large) 0
  Overflow Count (full) 0
[ALLOC_TEMP_JOB_2_FRAMES]
  Initial Block Size 2.0 MB
  Used Block Count 0
  Overflow Count (too large) 0
  Overflow Count (full) 0
[ALLOC_TEMP_JOB_4_FRAMES (JobTemp)]
  Initial Block Size 2.0 MB
  Used Block Count 1
  Overflow Count (too large) 0
  Overflow Count (full) 0
[ALLOC_TEMP_JOB_ASYNC (Background)]
  Initial Block Size 1.0 MB
  Used Block Count 1
  Overflow Count (too large) 0
  Overflow Count (full) 0
[ALLOC_GFX] Dual Thread Allocator
  Peak main deferred allocation count 2
    [ALLOC_BUCKET]
      Large Block size 4.0 MB
      Used Block count 1
      Peak Allocated bytes 4.0 MB
      Failed Allocations. Bucket layout:
        16B: 8 Subsections = 8192 buckets. Failed count: 611408
        32B: 14 Subsections = 7168 buckets. Failed count: 190678
        48B: 26 Subsections = 8874 buckets. Failed count: 310951
        64B: 110 Subsections = 28160 buckets. Failed count: 2131
        80B: 24 Subsections = 4915 buckets. Failed count: 36075
        96B: 31 Subsections = 5290 buckets. Failed count: 20798
        112B: 31 Subsections = 4534 buckets. Failed count: 4627
        128B: 12 Subsections = 1536 buckets. Failed count: 43973
    [ALLOC_GFX_MAIN]
      Peak usage frame count: [32.0 KB-64.0 KB]: 209 frames, [64.0 KB-128.0 KB]: 1 frames, [4.0 MB-8.0 MB]: 44248 frames
      Requested Block Size 16.0 MB
      Peak Block count 1
      Peak Allocated memory 6.5 MB
      Peak Large allocation bytes 0 B
    [ALLOC_GFX_THREAD]
      Peak usage frame count: [128.0 KB-256.0 KB]: 210 frames, [16.0 MB-32.0 MB]: 44248 frames
      Requested Block Size 16.0 MB
      Peak Block count 2
      Peak Allocated memory 17.5 MB
      Peak Large allocation bytes 0 B
[ALLOC_CACHEOBJECTS] Dual Thread Allocator
  Peak main deferred allocation count 14
    [ALLOC_BUCKET]
      Large Block size 4.0 MB
      Used Block count 1
      Peak Allocated bytes 4.0 MB
      Failed Allocations. Bucket layout:
        16B: 8 Subsections = 8192 buckets. Failed count: 611408
        32B: 14 Subsections = 7168 buckets. Failed count: 190678
        48B: 26 Subsections = 8874 buckets. Failed count: 310951
        64B: 110 Subsections = 28160 buckets. Failed count: 2131
        80B: 24 Subsections = 4915 buckets. Failed count: 36075
        96B: 31 Subsections = 5290 buckets. Failed count: 20798
        112B: 31 Subsections = 4534 buckets. Failed count: 4627
        128B: 12 Subsections = 1536 buckets. Failed count: 43973
    [ALLOC_CACHEOBJECTS_MAIN]
      Peak usage frame count: [1.0 MB-2.0 MB]: 210 frames, [8.0 MB-16.0 MB]: 44248 frames
      Requested Block Size 4.0 MB
      Peak Block count 4
      Peak Allocated memory 12.0 MB
      Peak Large allocation bytes 0 B
    [ALLOC_CACHEOBJECTS_THREAD]
      Peak usage frame count: [0.5 MB-1.0 MB]: 209 frames, [1.0 MB-2.0 MB]: 1 frames, [32.0 MB-64.0 MB]: 44247 frames, [64.0 MB-128.0 MB]: 1 frames
      Requested Block Size 4.0 MB
      Peak Block count 10
      Peak Allocated memory 67.2 MB
      Peak Large allocation bytes 33.1 MB
[ALLOC_TYPETREE] Dual Thread Allocator
  Peak main deferred allocation count 0
    [ALLOC_BUCKET]
      Large Block size 4.0 MB
      Used Block count 1
      Peak Allocated bytes 4.0 MB
      Failed Allocations. Bucket layout:
        16B: 8 Subsections = 8192 buckets. Failed count: 611408
        32B: 14 Subsections = 7168 buckets. Failed count: 190678
        48B: 26 Subsections = 8874 buckets. Failed count: 310951
        64B: 110 Subsections = 28160 buckets. Failed count: 2131
        80B: 24 Subsections = 4915 buckets. Failed count: 36075
        96B: 31 Subsections = 5290 buckets. Failed count: 20798
        112B: 31 Subsections = 4534 buckets. Failed count: 4627
        128B: 12 Subsections = 1536 buckets. Failed count: 43973
    [ALLOC_TYPETREE_MAIN]
      Peak usage frame count: [4.0 KB-8.0 KB]: 210 frames, [32.0 KB-64.0 KB]: 44248 frames
      Requested Block Size 2.0 MB
      Peak Block count 1
      Peak Allocated memory 36.7 KB
      Peak Large allocation bytes 0 B
    [ALLOC_TYPETREE_THREAD]
      Peak usage frame count: [8.0 KB-16.0 KB]: 210 frames, [32.0 KB-64.0 KB]: 44248 frames
      Requested Block Size 2.0 MB
      Peak Block count 1
      Peak Allocated memory 37.1 KB
      Peak Large allocation bytes 0 B
